<?xml version="1.0" encoding="UTF-8"?>
<!-- Generated by org.testng.reporters.JUnitReportReporter -->
<testsuite hostname="LAPTOP-JD5SB963" failures="0" tests="1" name="TestRunner.TestNGRunner" time="62.888" errors="0" timestamp="04 May 2021 12:14:33 GMT" skipped="0">
  <testcase classname="TestRunner.TestNGRunner" name="feature" time="62.888"/>
</testsuite> <!-- TestRunner.TestNGRunner -->
